Information: Propagating switching activity (low effort zero delay simulation). (PWR-6)
Warning: Design has unannotated primary inputs. (PWR-414)
Warning: Design has unannotated sequential cell outputs. (PWR-415)
 
****************************************
Report : power
        -analysis_effort low
Design : floating_point_adder
Version: G-2012.06-ICC-SP2
Date   : Tue Dec 29 03:23:23 2015
****************************************


Library(s) Used:

    NangateOpenCellLibrary_ss0p95vn40c (File: /home/standard_cell_libraries/NangateOpenCellLibrary_PDKv1_3_v2010_12/lib/Front_End/Liberty/NLDM/NangateOpenCellLibrary_ss0p95vn40c.db)


Operating Conditions: worst_low   Library: NangateOpenCellLibrary_ss0p95vn40c
Wire Load Model Mode: top

Design        Wire Load Model            Library
------------------------------------------------
floating_point_adder   5K_hvratio_1_1    NangateOpenCellLibrary_ss0p95vn40c


Global Operating Voltage = 0.95 
Power-specific unit information :
    Voltage Units = 1V
    Capacitance Units = 1.000000ff
    Time Units = 1ns
    Dynamic Power Units = 1uW    (derived from V,C,T units)
    Leakage Power Units = 1nW


  Cell Internal Power  = 175.1789 uW   (61%)
  Net Switching Power  = 112.5683 uW   (39%)
                         ---------
Total Dynamic Power    = 287.7473 uW  (100%)

Cell Leakage Power     =  15.8496 uW


                 Internal         Switching           Leakage            Total
Power Group      Power            Power               Power              Power   (   %    )  Attrs
--------------------------------------------------------------------------------------------------
io_pad             0.0000            0.0000            0.0000            0.0000  (   0.00%)
memory             0.0000            0.0000            0.0000            0.0000  (   0.00%)
black_box          0.0000            0.0000            0.0000            0.0000  (   0.00%)
clock_network     36.6225           35.3568          310.8441           72.2902  (  23.81%)
register          79.5729            8.5865        1.6674e+03           89.8268  (  29.59%)
sequential         0.0000            0.0000            0.0000            0.0000  (   0.00%)
combinational     58.9835           68.6250        1.3871e+04          141.4799  (  46.60%)
--------------------------------------------------------------------------------------------------
Total            175.1789 uW       112.5684 uW     1.5850e+04 nW       303.5969 uW
1
