----------------------------------------
Report  : report_design_physical
          -utilization
Date    : Tue Dec 29 03:23:23 2015
Version : G-2012.06-ICC-SP2
--------------------------------------------------------------------------------
                            UTILIZATION INFORMATION
--------------------------------------------------------------------------------
BLOCKAGES SECTION
-----------------
BLK Type           Count  Area(um^2)   AreaOutsideCore(um^2)
                                                           BlockedSites(unit)
Hard Placement Blockage
                       0        0.00        0.00           0
Soft Placement Blockage
                       0        0.00        0.00           ---
Partial Placement Blockage
                       0        0.00        0.00           ---
Macro Cell             0        0.00        0.00           0
Pad Cell               0        0.00        0.00           0
Fixed Standard Cell
                       3       30.59        0.00           115
Hard Keepout Margin Derived
                       0        0.00        0.00           0
Soft Keepout Margin Derived
                       0        0.00        0.00           ---
Complete PNet        ---        0.00        0.00           0
Partial PNet         ---        0.00        0.00           ---
Voltage Area Guardband
                       0        0.00        0.00           0
Exclusive Movebound Guardband
                       0        0.00        0.00           ---
Hard Keepout Distance Blockage
                       0        0.00        0.00           0
Chimney Area         ---        0.00        0.00           0

CELL INSTANCE SECTION
---------------------

 Cell Instance Type       Count           Area
  Placed Cells             4264        4570.94
    Fixed Cells               0           0.00
    Soft Fixed Cells          0           0.00
  Unplaced Cells              0           0.00

UTILIZATION RATIOS
------------------
Chip area           : 5127.82
Core area           : 4570.94
  SiteRow area      : 4570.94
Cell/Core Ratio     : 100%
Cell/Chip Ratio     : 89.14%
(A) Logical cell sites (non-fixed) :        11048
(B) Logical cell sites (fixed) :          115
(C) All blocked sites :          115
(D) Total core sites :        17184
Cell Utilization(non-fixed) = 64.73% (A) / (D - C)
                                              (11048) / (17184 - 115)
Cell Utilization(non-fixed + fixed) = 64.96% (A + B) / (D - (C - B))
                                              (11048 + 115) / (17184 - (115 - 115))
Blockage Percentage = 0.67% (C) / (D)
                                              (115) / (17184)

PNET OPTIONS INFORMATION
------------------------
Layer     Blockage MinWidth  MinHeight Via_additive    Density   DER minWidth
                                                                            DER minHeight
metal1    none        ---       ---    Via additive     ---         ---        ---
metal2    none        ---       ---    Via additive     ---         ---        ---
metal3    none        ---       ---    Via additive     ---         ---        ---
metal4    none        ---       ---    Via additive     ---         ---        ---
metal5    none        ---       ---    Via additive     ---         ---        ---
metal6    none        ---       ---    Via additive     ---         ---        ---
metal7    none        ---       ---    Via additive     ---         ---        ---
metal8    none        ---       ---    Via additive     ---         ---        ---
metal9    none        ---       ---    Via additive     ---         ---        ---
metal10   none        ---       ---    Via additive     ---         ---        ---
