Information: Propagating switching activity (low effort zero delay simulation). (PWR-6)
Warning: Design has unannotated primary inputs. (PWR-414)
Warning: Design has unannotated sequential cell outputs. (PWR-415)
 
****************************************
Report : power
        -analysis_effort low
Design : FPmult
Version: G-2012.06-ICC-SP2
Date   : Tue Dec 29 03:33:27 2015
****************************************


Library(s) Used:

    NangateOpenCellLibrary_ss0p95vn40c (File: /home/standard_cell_libraries/NangateOpenCellLibrary_PDKv1_3_v2010_12/lib/Front_End/Liberty/NLDM/NangateOpenCellLibrary_ss0p95vn40c.db)


Operating Conditions: worst_low   Library: NangateOpenCellLibrary_ss0p95vn40c
Wire Load Model Mode: top

Design        Wire Load Model            Library
------------------------------------------------
FPmult                 5K_hvratio_1_1    NangateOpenCellLibrary_ss0p95vn40c


Global Operating Voltage = 0.95 
Power-specific unit information :
    Voltage Units = 1V
    Capacitance Units = 1.000000ff
    Time Units = 1ns
    Dynamic Power Units = 1uW    (derived from V,C,T units)
    Leakage Power Units = 1nW


  Cell Internal Power  = 203.3618 uW   (61%)
  Net Switching Power  = 129.4293 uW   (39%)
                         ---------
Total Dynamic Power    = 332.7911 uW  (100%)

Cell Leakage Power     =  15.3821 uW


                 Internal         Switching           Leakage            Total
Power Group      Power            Power               Power              Power   (   %    )  Attrs
--------------------------------------------------------------------------------------------------
io_pad             0.0000            0.0000            0.0000            0.0000  (   0.00%)
memory             0.0000            0.0000            0.0000            0.0000  (   0.00%)
black_box          0.0000            0.0000            0.0000            0.0000  (   0.00%)
clock_network     16.8335           29.8512          177.6282           46.8623  (  13.46%)
register          79.0972            3.1019        1.6026e+03           83.8016  (  24.07%)
sequential         0.0000            0.0000            0.0000            0.0000  (   0.00%)
combinational    107.4310           96.4763        1.3602e+04          217.5092  (  62.47%)
--------------------------------------------------------------------------------------------------
Total            203.3617 uW       129.4293 uW     1.5382e+04 nW       348.1731 uW
1
