 
****************************************
Report : cell
Design : FPmult
Version: G-2012.06-ICC-SP2
Date   : Tue Dec 29 03:33:26 2015
****************************************

Attributes:
    b - black box (unknown)
    d - dont_touch
    h - hierarchical
    n - noncombinational
    r - removable
    u - contains unmapped logic

Cell                      Reference       Library             Area  Attributes
--------------------------------------------------------------------------------
INV_X32_BC                INV_X32         NangateOpenCellLibrary_ss0p95vn40c
                                                          8.778000  d
INV_X32_BC_1              INV_X32         NangateOpenCellLibrary_ss0p95vn40c
                                                          8.778000  d
U1                        INV_X16         NangateOpenCellLibrary_ss0p95vn40c
                                                          4.522000  
U2                        INV_X4          NangateOpenCellLibrary_ss0p95vn40c
                                                          1.330000  
U3                        NAND2_X2        NangateOpenCellLibrary_ss0p95vn40c
                                                          1.330000  
U4                        NAND2_X4        NangateOpenCellLibrary_ss0p95vn40c
                                                          2.394000  
U5                        NAND2_X1        NangateOpenCellLibrary_ss0p95vn40c
                                                          0.798000  
U6                        NAND2_X4        NangateOpenCellLibrary_ss0p95vn40c
                                                          2.394000  
U7                        INV_X1          NangateOpenCellLibrary_ss0p95vn40c
                                                          0.532000  
U8                        OR2_X1          NangateOpenCellLibrary_ss0p95vn40c
                                                          1.064000  
U9                        OR2_X1          NangateOpenCellLibrary_ss0p95vn40c
                                                          1.064000  
U10                       INV_X1          NangateOpenCellLibrary_ss0p95vn40c
                                                          0.532000  
U11                       OR2_X1          NangateOpenCellLibrary_ss0p95vn40c
                                                          1.064000  
U12                       INV_X16         NangateOpenCellLibrary_ss0p95vn40c
                                                          4.522000  
U13                       INV_X1          NangateOpenCellLibrary_ss0p95vn40c
                                                          0.532000  
U14                       INV_X1          NangateOpenCellLibrary_ss0p95vn40c
                                                          0.532000  
U15                       INV_X1          NangateOpenCellLibrary_ss0p95vn40c
                                                          0.532000  
U16                       INV_X32         NangateOpenCellLibrary_ss0p95vn40c
                                                          8.778000  
U17                       INV_X16         NangateOpenCellLibrary_ss0p95vn40c
                                                          4.522000  
U18                       NAND2_X4        NangateOpenCellLibrary_ss0p95vn40c
                                                          2.394000  
U19                       INV_X4          NangateOpenCellLibrary_ss0p95vn40c
                                                          1.330000  
U20                       NOR2_X4         NangateOpenCellLibrary_ss0p95vn40c
                                                          2.394000  
U21                       INV_X4          NangateOpenCellLibrary_ss0p95vn40c
                                                          1.330000  
U22                       NAND2_X4        NangateOpenCellLibrary_ss0p95vn40c
                                                          2.394000  
U23                       INV_X1          NangateOpenCellLibrary_ss0p95vn40c
                                                          0.532000  
U24                       INV_X2          NangateOpenCellLibrary_ss0p95vn40c
                                                          0.798000  
U25                       INV_X16         NangateOpenCellLibrary_ss0p95vn40c
                                                          4.522000  
U26                       NAND2_X4        NangateOpenCellLibrary_ss0p95vn40c
                                                          2.394000  
U27                       INV_X4          NangateOpenCellLibrary_ss0p95vn40c
                                                          1.330000  
U28                       NAND2_X4        NangateOpenCellLibrary_ss0p95vn40c
                                                          2.394000  
U29                       INV_X4          NangateOpenCellLibrary_ss0p95vn40c
                                                          1.330000  
U30                       INV_X16         NangateOpenCellLibrary_ss0p95vn40c
                                                          4.522000  
U31                       BUF_X1          NangateOpenCellLibrary_ss0p95vn40c
                                                          0.798000  
U32                       INV_X32         NangateOpenCellLibrary_ss0p95vn40c
                                                          8.778000  
U33                       INV_X32         NangateOpenCellLibrary_ss0p95vn40c
                                                          8.778000  
U34                       INV_X16         NangateOpenCellLibrary_ss0p95vn40c
                                                          4.522000  
U35                       CLKBUF_X1       NangateOpenCellLibrary_ss0p95vn40c
                                                          0.798000  
U36                       BUF_X1          NangateOpenCellLibrary_ss0p95vn40c
                                                          0.798000  
U37                       BUF_X1          NangateOpenCellLibrary_ss0p95vn40c
                                                          0.798000  
U38                       BUF_X1          NangateOpenCellLibrary_ss0p95vn40c
                                                          0.798000  
U39                       BUF_X1          NangateOpenCellLibrary_ss0p95vn40c
                                                          0.798000  
U40                       BUF_X1          NangateOpenCellLibrary_ss0p95vn40c
                                                          0.798000  
U41                       BUF_X1          NangateOpenCellLibrary_ss0p95vn40c
                                                          0.798000  
U42                       INV_X1          NangateOpenCellLibrary_ss0p95vn40c
                                                          0.532000  
U43                       INV_X1          NangateOpenCellLibrary_ss0p95vn40c
                                                          0.532000  
U44                       INV_X1          NangateOpenCellLibrary_ss0p95vn40c
                                                          0.532000  
U155                      INV_X1          NangateOpenCellLibrary_ss0p95vn40c
                                                          0.532000  
U156                      AND2_X1         NangateOpenCellLibrary_ss0p95vn40c
                                                          1.064000  
U157                      AND2_X1         NangateOpenCellLibrary_ss0p95vn40c
                                                          1.064000  
U158                      AND2_X1         NangateOpenCellLibrary_ss0p95vn40c
                                                          1.064000  
U159                      AND2_X1         NangateOpenCellLibrary_ss0p95vn40c
                                                          1.064000  
U160                      AND2_X1         NangateOpenCellLibrary_ss0p95vn40c
                                                          1.064000  
U161                      AND2_X1         NangateOpenCellLibrary_ss0p95vn40c
                                                          1.064000  
U162                      AND2_X1         NangateOpenCellLibrary_ss0p95vn40c
                                                          1.064000  
U163                      AND2_X1         NangateOpenCellLibrary_ss0p95vn40c
                                                          1.064000  
U164                      AND2_X2         NangateOpenCellLibrary_ss0p95vn40c
                                                          1.330000  
U165                      AND2_X2         NangateOpenCellLibrary_ss0p95vn40c
                                                          1.330000  
U166                      AND2_X2         NangateOpenCellLibrary_ss0p95vn40c
                                                          1.330000  
U167                      AND2_X2         NangateOpenCellLibrary_ss0p95vn40c
                                                          1.330000  
U168                      AND2_X2         NangateOpenCellLibrary_ss0p95vn40c
                                                          1.330000  
U169                      AND2_X2         NangateOpenCellLibrary_ss0p95vn40c
                                                          1.330000  
U170                      AND2_X1         NangateOpenCellLibrary_ss0p95vn40c
                                                          1.064000  
U171                      AND2_X1         NangateOpenCellLibrary_ss0p95vn40c
                                                          1.064000  
U172                      AND2_X2         NangateOpenCellLibrary_ss0p95vn40c
                                                          1.330000  
U173                      AND2_X1         NangateOpenCellLibrary_ss0p95vn40c
                                                          1.064000  
U174                      AND2_X1         NangateOpenCellLibrary_ss0p95vn40c
                                                          1.064000  
U175                      AND2_X2         NangateOpenCellLibrary_ss0p95vn40c
                                                          1.330000  
U176                      AND2_X1         NangateOpenCellLibrary_ss0p95vn40c
                                                          1.064000  
U177                      AND2_X2         NangateOpenCellLibrary_ss0p95vn40c
                                                          1.330000  
U178                      AND2_X1         NangateOpenCellLibrary_ss0p95vn40c
                                                          1.064000  
U179                      AND2_X1         NangateOpenCellLibrary_ss0p95vn40c
                                                          1.064000  
U180                      AND2_X1         NangateOpenCellLibrary_ss0p95vn40c
                                                          1.064000  
U181                      AND2_X1         NangateOpenCellLibrary_ss0p95vn40c
                                                          1.064000  
U182                      AND2_X1         NangateOpenCellLibrary_ss0p95vn40c
                                                          1.064000  
U183                      AND2_X1         NangateOpenCellLibrary_ss0p95vn40c
                                                          1.064000  
U184                      AND2_X1         NangateOpenCellLibrary_ss0p95vn40c
                                                          1.064000  
U185                      AND2_X1         NangateOpenCellLibrary_ss0p95vn40c
                                                          1.064000  
U186                      AND2_X1         NangateOpenCellLibrary_ss0p95vn40c
                                                          1.064000  
U187                      AND2_X1         NangateOpenCellLibrary_ss0p95vn40c
                                                          1.064000  
U188                      AND2_X1         NangateOpenCellLibrary_ss0p95vn40c
                                                          1.064000  
U189                      AND2_X1         NangateOpenCellLibrary_ss0p95vn40c
                                                          1.064000  
U190                      AND2_X1         NangateOpenCellLibrary_ss0p95vn40c
                                                          1.064000  
U191                      AND2_X2         NangateOpenCellLibrary_ss0p95vn40c
                                                          1.330000  
U192                      AND2_X1         NangateOpenCellLibrary_ss0p95vn40c
                                                          1.064000  
U193                      AND2_X1         NangateOpenCellLibrary_ss0p95vn40c
                                                          1.064000  
U194                      AND2_X1         NangateOpenCellLibrary_ss0p95vn40c
                                                          1.064000  
U195                      AND2_X1         NangateOpenCellLibrary_ss0p95vn40c
                                                          1.064000  
U196                      AND2_X1         NangateOpenCellLibrary_ss0p95vn40c
                                                          1.064000  
U197                      AND2_X1         NangateOpenCellLibrary_ss0p95vn40c
                                                          1.064000  
U198                      AND2_X1         NangateOpenCellLibrary_ss0p95vn40c
                                                          1.064000  
U199                      AND2_X1         NangateOpenCellLibrary_ss0p95vn40c
                                                          1.064000  
U200                      AND2_X1         NangateOpenCellLibrary_ss0p95vn40c
                                                          1.064000  
U201                      AND2_X1         NangateOpenCellLibrary_ss0p95vn40c
                                                          1.064000  
U202                      AND2_X1         NangateOpenCellLibrary_ss0p95vn40c
                                                          1.064000  
U203                      AND2_X2         NangateOpenCellLibrary_ss0p95vn40c
                                                          1.330000  
U204                      AND2_X2         NangateOpenCellLibrary_ss0p95vn40c
                                                          1.330000  
U205                      AND2_X1         NangateOpenCellLibrary_ss0p95vn40c
                                                          1.064000  
U206                      AND2_X2         NangateOpenCellLibrary_ss0p95vn40c
                                                          1.330000  
U207                      AND2_X2         NangateOpenCellLibrary_ss0p95vn40c
                                                          1.330000  
U208                      AND2_X2         NangateOpenCellLibrary_ss0p95vn40c
                                                          1.330000  
U209                      AND2_X1         NangateOpenCellLibrary_ss0p95vn40c
                                                          1.064000  
U210                      AND2_X1         NangateOpenCellLibrary_ss0p95vn40c
                                                          1.064000  
U211                      AND2_X1         NangateOpenCellLibrary_ss0p95vn40c
                                                          1.064000  
U212                      AND2_X1         NangateOpenCellLibrary_ss0p95vn40c
                                                          1.064000  
U213                      AND2_X1         NangateOpenCellLibrary_ss0p95vn40c
                                                          1.064000  
U214                      AND2_X1         NangateOpenCellLibrary_ss0p95vn40c
                                                          1.064000  
U215                      AND2_X1         NangateOpenCellLibrary_ss0p95vn40c
                                                          1.064000  
U216                      AND2_X1         NangateOpenCellLibrary_ss0p95vn40c
                                                          1.064000  
U217                      AND2_X1         NangateOpenCellLibrary_ss0p95vn40c
                                                          1.064000  
U218                      AND2_X2         NangateOpenCellLibrary_ss0p95vn40c
                                                          1.330000  
U219                      AND2_X2         NangateOpenCellLibrary_ss0p95vn40c
                                                          1.330000  
U220                      AND2_X2         NangateOpenCellLibrary_ss0p95vn40c
                                                          1.330000  
U221                      AND2_X2         NangateOpenCellLibrary_ss0p95vn40c
                                                          1.330000  
U222                      AND2_X2         NangateOpenCellLibrary_ss0p95vn40c
                                                          1.330000  
U223                      AND2_X2         NangateOpenCellLibrary_ss0p95vn40c
                                                          1.330000  
U224                      AND2_X2         NangateOpenCellLibrary_ss0p95vn40c
                                                          1.330000  
U225                      AND2_X2         NangateOpenCellLibrary_ss0p95vn40c
                                                          1.330000  
U226                      AND2_X2         NangateOpenCellLibrary_ss0p95vn40c
                                                          1.330000  
U227                      AND2_X1         NangateOpenCellLibrary_ss0p95vn40c
                                                          1.064000  
U229                      INV_X1          NangateOpenCellLibrary_ss0p95vn40c
                                                          0.532000  
U230                      INV_X1          NangateOpenCellLibrary_ss0p95vn40c
                                                          0.532000  
U231                      INV_X1          NangateOpenCellLibrary_ss0p95vn40c
                                                          0.532000  
U232                      INV_X1          NangateOpenCellLibrary_ss0p95vn40c
                                                          0.532000  
U233                      INV_X1          NangateOpenCellLibrary_ss0p95vn40c
                                                          0.532000  
U234                      INV_X1          NangateOpenCellLibrary_ss0p95vn40c
                                                          0.532000  
U235                      INV_X1          NangateOpenCellLibrary_ss0p95vn40c
                                                          0.532000  
U236                      INV_X1          NangateOpenCellLibrary_ss0p95vn40c
                                                          0.532000  
U237                      INV_X1          NangateOpenCellLibrary_ss0p95vn40c
                                                          0.532000  
U238                      INV_X1          NangateOpenCellLibrary_ss0p95vn40c
                                                          0.532000  
U239                      INV_X1          NangateOpenCellLibrary_ss0p95vn40c
                                                          0.532000  
U240                      INV_X1          NangateOpenCellLibrary_ss0p95vn40c
                                                          0.532000  
U241                      INV_X1          NangateOpenCellLibrary_ss0p95vn40c
                                                          0.532000  
U242                      INV_X1          NangateOpenCellLibrary_ss0p95vn40c
                                                          0.532000  
U243                      INV_X1          NangateOpenCellLibrary_ss0p95vn40c
                                                          0.532000  
U244                      INV_X1          NangateOpenCellLibrary_ss0p95vn40c
                                                          0.532000  
U245                      INV_X1          NangateOpenCellLibrary_ss0p95vn40c
                                                          0.532000  
U246                      INV_X1          NangateOpenCellLibrary_ss0p95vn40c
                                                          0.532000  
U247                      INV_X1          NangateOpenCellLibrary_ss0p95vn40c
                                                          0.532000  
U248                      INV_X1          NangateOpenCellLibrary_ss0p95vn40c
                                                          0.532000  
U249                      INV_X1          NangateOpenCellLibrary_ss0p95vn40c
                                                          0.532000  
U250                      NAND2_X2        NangateOpenCellLibrary_ss0p95vn40c
                                                          1.330000  
U251                      NAND2_X4        NangateOpenCellLibrary_ss0p95vn40c
                                                          2.394000  
U252                      OAI22_X1        NangateOpenCellLibrary_ss0p95vn40c
                                                          1.330000  
U253                      OAI22_X1        NangateOpenCellLibrary_ss0p95vn40c
                                                          1.330000  
U254                      OAI22_X1        NangateOpenCellLibrary_ss0p95vn40c
                                                          1.330000  
U255                      OAI22_X1        NangateOpenCellLibrary_ss0p95vn40c
                                                          1.330000  
U256                      OAI22_X1        NangateOpenCellLibrary_ss0p95vn40c
                                                          1.330000  
U257                      OAI22_X1        NangateOpenCellLibrary_ss0p95vn40c
                                                          1.330000  
U258                      OAI22_X1        NangateOpenCellLibrary_ss0p95vn40c
                                                          1.330000  
U259                      OAI22_X1        NangateOpenCellLibrary_ss0p95vn40c
                                                          1.330000  
U260                      OAI22_X1        NangateOpenCellLibrary_ss0p95vn40c
                                                          1.330000  
U261                      OAI22_X1        NangateOpenCellLibrary_ss0p95vn40c
                                                          1.330000  
U262                      OAI22_X1        NangateOpenCellLibrary_ss0p95vn40c
                                                          1.330000  
U263                      OAI22_X1        NangateOpenCellLibrary_ss0p95vn40c
                                                          1.330000  
U264                      OAI22_X1        NangateOpenCellLibrary_ss0p95vn40c
                                                          1.330000  
U265                      OAI22_X1        NangateOpenCellLibrary_ss0p95vn40c
                                                          1.330000  
U266                      OAI22_X1        NangateOpenCellLibrary_ss0p95vn40c
                                                          1.330000  
U267                      OAI22_X1        NangateOpenCellLibrary_ss0p95vn40c
                                                          1.330000  
U268                      OAI22_X1        NangateOpenCellLibrary_ss0p95vn40c
                                                          1.330000  
U269                      OAI22_X1        NangateOpenCellLibrary_ss0p95vn40c
                                                          1.330000  
U270                      OAI22_X1        NangateOpenCellLibrary_ss0p95vn40c
                                                          1.330000  
U271                      OAI22_X1        NangateOpenCellLibrary_ss0p95vn40c
                                                          1.330000  
U272                      OAI22_X1        NangateOpenCellLibrary_ss0p95vn40c
                                                          1.330000  
U273                      OAI22_X1        NangateOpenCellLibrary_ss0p95vn40c
                                                          1.330000  
U274                      INV_X1          NangateOpenCellLibrary_ss0p95vn40c
                                                          0.532000  
U277                      OAI22_X1        NangateOpenCellLibrary_ss0p95vn40c
                                                          1.330000  
U278                      INV_X1          NangateOpenCellLibrary_ss0p95vn40c
                                                          0.532000  
U280                      AND2_X1         NangateOpenCellLibrary_ss0p95vn40c
                                                          1.064000  
U281                      AND2_X1         NangateOpenCellLibrary_ss0p95vn40c
                                                          1.064000  
U282                      AND2_X1         NangateOpenCellLibrary_ss0p95vn40c
                                                          1.064000  
U283                      AND2_X1         NangateOpenCellLibrary_ss0p95vn40c
                                                          1.064000  
U284                      AND2_X1         NangateOpenCellLibrary_ss0p95vn40c
                                                          1.064000  
U285                      XOR2_X1         NangateOpenCellLibrary_ss0p95vn40c
                                                          1.596000  
U286                      XOR2_X1         NangateOpenCellLibrary_ss0p95vn40c
                                                          1.596000  
U287                      XOR2_X1         NangateOpenCellLibrary_ss0p95vn40c
                                                          1.596000  
U288                      XOR2_X1         NangateOpenCellLibrary_ss0p95vn40c
                                                          1.596000  
U289                      XOR2_X1         NangateOpenCellLibrary_ss0p95vn40c
                                                          1.596000  
U290                      XOR2_X1         NangateOpenCellLibrary_ss0p95vn40c
                                                          1.596000  
U292                      NAND4_X1        NangateOpenCellLibrary_ss0p95vn40c
                                                          1.330000  
U293                      NAND4_X1        NangateOpenCellLibrary_ss0p95vn40c
                                                          1.330000  
U294                      NAND4_X1        NangateOpenCellLibrary_ss0p95vn40c
                                                          1.330000  
U298                      NAND2_X1        NangateOpenCellLibrary_ss0p95vn40c
                                                          0.798000  
U299                      NOR4_X1         NangateOpenCellLibrary_ss0p95vn40c
                                                          1.330000  
U300                      NOR4_X1         NangateOpenCellLibrary_ss0p95vn40c
                                                          1.330000  
U301                      XOR2_X1         NangateOpenCellLibrary_ss0p95vn40c
                                                          1.596000  
U302                      NAND2_X1        NangateOpenCellLibrary_ss0p95vn40c
                                                          0.798000  
U303                      NAND2_X1        NangateOpenCellLibrary_ss0p95vn40c
                                                          0.798000  
U304                      NOR4_X1         NangateOpenCellLibrary_ss0p95vn40c
                                                          1.330000  
U305                      NOR4_X1         NangateOpenCellLibrary_ss0p95vn40c
                                                          1.330000  
U306                      NOR4_X1         NangateOpenCellLibrary_ss0p95vn40c
                                                          1.330000  
U307                      NOR4_X1         NangateOpenCellLibrary_ss0p95vn40c
                                                          1.330000  
U308                      NOR3_X1         NangateOpenCellLibrary_ss0p95vn40c
                                                          1.064000  
U309                      NOR3_X1         NangateOpenCellLibrary_ss0p95vn40c
                                                          1.064000  
U310                      NOR3_X1         NangateOpenCellLibrary_ss0p95vn40c
                                                          1.064000  
U311                      NOR3_X1         NangateOpenCellLibrary_ss0p95vn40c
                                                          1.064000  
U312                      NOR3_X1         NangateOpenCellLibrary_ss0p95vn40c
                                                          1.064000  
U313                      NOR3_X1         NangateOpenCellLibrary_ss0p95vn40c
                                                          1.064000  
U314                      NOR3_X1         NangateOpenCellLibrary_ss0p95vn40c
                                                          1.064000  
U315                      NOR3_X1         NangateOpenCellLibrary_ss0p95vn40c
                                                          1.064000  
U316                      NOR3_X1         NangateOpenCellLibrary_ss0p95vn40c
                                                          1.064000  
U317                      NOR3_X1         NangateOpenCellLibrary_ss0p95vn40c
                                                          1.064000  
U318                      NOR3_X1         NangateOpenCellLibrary_ss0p95vn40c
                                                          1.064000  
U319                      NAND4_X1        NangateOpenCellLibrary_ss0p95vn40c
                                                          1.330000  
U320                      NOR3_X1         NangateOpenCellLibrary_ss0p95vn40c
                                                          1.064000  
U321                      NOR3_X1         NangateOpenCellLibrary_ss0p95vn40c
                                                          1.064000  
U322                      NOR3_X1         NangateOpenCellLibrary_ss0p95vn40c
                                                          1.064000  
U324                      NOR2_X2         NangateOpenCellLibrary_ss0p95vn40c
                                                          1.330000  
U325                      XNOR2_X1        NangateOpenCellLibrary_ss0p95vn40c
                                                          1.596000  
add_0_root_sub_1_root_add_35_2_U1_1
                          FA_X1           NangateOpenCellLibrary_ss0p95vn40c
                                                          4.256000  r
add_2_root_sub_1_root_add_35_2
                          FPmult_DW01_add_2               32.452000 h
mult_32                   FPmult_DW02_mult_0              2885.302006
                                                                    h
multiplicand_reg_reg_0_   DFF_X1          NangateOpenCellLibrary_ss0p95vn40c
                                                          4.522000  n
multiplicand_reg_reg_1_   DFF_X1          NangateOpenCellLibrary_ss0p95vn40c
                                                          4.522000  n
multiplicand_reg_reg_2_   DFF_X1          NangateOpenCellLibrary_ss0p95vn40c
                                                          4.522000  n
multiplicand_reg_reg_3_   DFF_X1          NangateOpenCellLibrary_ss0p95vn40c
                                                          4.522000  n
multiplicand_reg_reg_4_   DFF_X1          NangateOpenCellLibrary_ss0p95vn40c
                                                          4.522000  n
multiplicand_reg_reg_5_   DFF_X1          NangateOpenCellLibrary_ss0p95vn40c
                                                          4.522000  n
multiplicand_reg_reg_6_   DFF_X1          NangateOpenCellLibrary_ss0p95vn40c
                                                          4.522000  n
multiplicand_reg_reg_7_   DFF_X1          NangateOpenCellLibrary_ss0p95vn40c
                                                          4.522000  n
multiplicand_reg_reg_8_   DFF_X1          NangateOpenCellLibrary_ss0p95vn40c
                                                          4.522000  n
multiplicand_reg_reg_9_   DFF_X1          NangateOpenCellLibrary_ss0p95vn40c
                                                          4.522000  n
multiplicand_reg_reg_10_  DFF_X1          NangateOpenCellLibrary_ss0p95vn40c
                                                          4.522000  n
multiplicand_reg_reg_11_  DFF_X1          NangateOpenCellLibrary_ss0p95vn40c
                                                          4.522000  n
multiplicand_reg_reg_12_  DFF_X1          NangateOpenCellLibrary_ss0p95vn40c
                                                          4.522000  n
multiplicand_reg_reg_13_  DFF_X1          NangateOpenCellLibrary_ss0p95vn40c
                                                          4.522000  n
multiplicand_reg_reg_14_  DFF_X1          NangateOpenCellLibrary_ss0p95vn40c
                                                          4.522000  n
multiplicand_reg_reg_15_  DFF_X1          NangateOpenCellLibrary_ss0p95vn40c
                                                          4.522000  n
multiplicand_reg_reg_16_  DFF_X1          NangateOpenCellLibrary_ss0p95vn40c
                                                          4.522000  n
multiplicand_reg_reg_17_  DFF_X1          NangateOpenCellLibrary_ss0p95vn40c
                                                          4.522000  n
multiplicand_reg_reg_18_  DFF_X1          NangateOpenCellLibrary_ss0p95vn40c
                                                          4.522000  n
multiplicand_reg_reg_19_  DFF_X1          NangateOpenCellLibrary_ss0p95vn40c
                                                          4.522000  n
multiplicand_reg_reg_20_  DFF_X1          NangateOpenCellLibrary_ss0p95vn40c
                                                          4.522000  n
multiplicand_reg_reg_21_  DFF_X1          NangateOpenCellLibrary_ss0p95vn40c
                                                          4.522000  n
multiplicand_reg_reg_22_  DFF_X1          NangateOpenCellLibrary_ss0p95vn40c
                                                          4.522000  n
multiplicand_reg_reg_23_  DFF_X1          NangateOpenCellLibrary_ss0p95vn40c
                                                          4.522000  n
multiplicand_reg_reg_24_  DFF_X1          NangateOpenCellLibrary_ss0p95vn40c
                                                          4.522000  n
multiplicand_reg_reg_25_  DFF_X1          NangateOpenCellLibrary_ss0p95vn40c
                                                          4.522000  n
multiplicand_reg_reg_26_  DFF_X1          NangateOpenCellLibrary_ss0p95vn40c
                                                          4.522000  n
multiplicand_reg_reg_27_  DFF_X1          NangateOpenCellLibrary_ss0p95vn40c
                                                          4.522000  n
multiplicand_reg_reg_28_  DFF_X1          NangateOpenCellLibrary_ss0p95vn40c
                                                          4.522000  n
multiplicand_reg_reg_29_  DFF_X1          NangateOpenCellLibrary_ss0p95vn40c
                                                          4.522000  n
multiplicand_reg_reg_30_  DFF_X1          NangateOpenCellLibrary_ss0p95vn40c
                                                          4.522000  n
multiplicand_reg_reg_31_  DFF_X1          NangateOpenCellLibrary_ss0p95vn40c
                                                          4.522000  n
multiplier_reg_reg_0_     DFF_X1          NangateOpenCellLibrary_ss0p95vn40c
                                                          4.522000  n
multiplier_reg_reg_1_     DFF_X1          NangateOpenCellLibrary_ss0p95vn40c
                                                          4.522000  n
multiplier_reg_reg_2_     DFF_X1          NangateOpenCellLibrary_ss0p95vn40c
                                                          4.522000  n
multiplier_reg_reg_3_     DFF_X1          NangateOpenCellLibrary_ss0p95vn40c
                                                          4.522000  n
multiplier_reg_reg_4_     DFF_X1          NangateOpenCellLibrary_ss0p95vn40c
                                                          4.522000  n
multiplier_reg_reg_5_     DFF_X1          NangateOpenCellLibrary_ss0p95vn40c
                                                          4.522000  n
multiplier_reg_reg_6_     DFF_X1          NangateOpenCellLibrary_ss0p95vn40c
                                                          4.522000  n
multiplier_reg_reg_7_     DFF_X1          NangateOpenCellLibrary_ss0p95vn40c
                                                          4.522000  n
multiplier_reg_reg_8_     DFF_X1          NangateOpenCellLibrary_ss0p95vn40c
                                                          4.522000  n
multiplier_reg_reg_9_     DFF_X1          NangateOpenCellLibrary_ss0p95vn40c
                                                          4.522000  n
multiplier_reg_reg_10_    DFF_X1          NangateOpenCellLibrary_ss0p95vn40c
                                                          4.522000  n
multiplier_reg_reg_11_    DFF_X1          NangateOpenCellLibrary_ss0p95vn40c
                                                          4.522000  n
multiplier_reg_reg_12_    DFF_X1          NangateOpenCellLibrary_ss0p95vn40c
                                                          4.522000  n
multiplier_reg_reg_13_    DFF_X1          NangateOpenCellLibrary_ss0p95vn40c
                                                          4.522000  n
multiplier_reg_reg_14_    DFF_X1          NangateOpenCellLibrary_ss0p95vn40c
                                                          4.522000  n
multiplier_reg_reg_15_    DFF_X1          NangateOpenCellLibrary_ss0p95vn40c
                                                          4.522000  n
multiplier_reg_reg_16_    DFF_X1          NangateOpenCellLibrary_ss0p95vn40c
                                                          4.522000  n
multiplier_reg_reg_17_    DFF_X1          NangateOpenCellLibrary_ss0p95vn40c
                                                          4.522000  n
multiplier_reg_reg_18_    DFF_X1          NangateOpenCellLibrary_ss0p95vn40c
                                                          4.522000  n
multiplier_reg_reg_19_    DFF_X1          NangateOpenCellLibrary_ss0p95vn40c
                                                          4.522000  n
multiplier_reg_reg_20_    DFF_X1          NangateOpenCellLibrary_ss0p95vn40c
                                                          4.522000  n
multiplier_reg_reg_21_    DFF_X1          NangateOpenCellLibrary_ss0p95vn40c
                                                          4.522000  n
multiplier_reg_reg_22_    DFF_X1          NangateOpenCellLibrary_ss0p95vn40c
                                                          4.522000  n
multiplier_reg_reg_23_    DFF_X1          NangateOpenCellLibrary_ss0p95vn40c
                                                          4.522000  n
multiplier_reg_reg_24_    DFF_X1          NangateOpenCellLibrary_ss0p95vn40c
                                                          4.522000  n
multiplier_reg_reg_25_    DFF_X1          NangateOpenCellLibrary_ss0p95vn40c
                                                          4.522000  n
multiplier_reg_reg_26_    DFF_X1          NangateOpenCellLibrary_ss0p95vn40c
                                                          4.522000  n
multiplier_reg_reg_27_    DFF_X1          NangateOpenCellLibrary_ss0p95vn40c
                                                          4.522000  n
multiplier_reg_reg_28_    DFF_X1          NangateOpenCellLibrary_ss0p95vn40c
                                                          4.522000  n
multiplier_reg_reg_29_    DFF_X1          NangateOpenCellLibrary_ss0p95vn40c
                                                          4.522000  n
multiplier_reg_reg_30_    DFF_X1          NangateOpenCellLibrary_ss0p95vn40c
                                                          4.522000  n
multiplier_reg_reg_31_    DFF_X1          NangateOpenCellLibrary_ss0p95vn40c
                                                          4.522000  n
result_reg_reg_0_         DFF_X1          NangateOpenCellLibrary_ss0p95vn40c
                                                          4.522000  n
result_reg_reg_1_         DFF_X1          NangateOpenCellLibrary_ss0p95vn40c
                                                          4.522000  n
result_reg_reg_2_         DFF_X1          NangateOpenCellLibrary_ss0p95vn40c
                                                          4.522000  n
result_reg_reg_3_         DFF_X1          NangateOpenCellLibrary_ss0p95vn40c
                                                          4.522000  n
result_reg_reg_4_         DFF_X1          NangateOpenCellLibrary_ss0p95vn40c
                                                          4.522000  n
result_reg_reg_5_         DFF_X1          NangateOpenCellLibrary_ss0p95vn40c
                                                          4.522000  n
result_reg_reg_6_         DFF_X1          NangateOpenCellLibrary_ss0p95vn40c
                                                          4.522000  n
result_reg_reg_7_         DFF_X1          NangateOpenCellLibrary_ss0p95vn40c
                                                          4.522000  n
result_reg_reg_8_         DFF_X1          NangateOpenCellLibrary_ss0p95vn40c
                                                          4.522000  n
result_reg_reg_9_         DFF_X1          NangateOpenCellLibrary_ss0p95vn40c
                                                          4.522000  n
result_reg_reg_10_        DFF_X1          NangateOpenCellLibrary_ss0p95vn40c
                                                          4.522000  n
result_reg_reg_11_        DFF_X1          NangateOpenCellLibrary_ss0p95vn40c
                                                          4.522000  n
result_reg_reg_12_        DFF_X1          NangateOpenCellLibrary_ss0p95vn40c
                                                          4.522000  n
result_reg_reg_13_        DFF_X1          NangateOpenCellLibrary_ss0p95vn40c
                                                          4.522000  n
result_reg_reg_14_        DFF_X1          NangateOpenCellLibrary_ss0p95vn40c
                                                          4.522000  n
result_reg_reg_15_        DFF_X1          NangateOpenCellLibrary_ss0p95vn40c
                                                          4.522000  n
result_reg_reg_16_        DFF_X1          NangateOpenCellLibrary_ss0p95vn40c
                                                          4.522000  n
result_reg_reg_17_        DFF_X1          NangateOpenCellLibrary_ss0p95vn40c
                                                          4.522000  n
result_reg_reg_18_        DFF_X1          NangateOpenCellLibrary_ss0p95vn40c
                                                          4.522000  n
result_reg_reg_19_        DFF_X1          NangateOpenCellLibrary_ss0p95vn40c
                                                          4.522000  n
result_reg_reg_20_        DFF_X1          NangateOpenCellLibrary_ss0p95vn40c
                                                          4.522000  n
result_reg_reg_21_        DFF_X1          NangateOpenCellLibrary_ss0p95vn40c
                                                          4.522000  n
result_reg_reg_22_        DFF_X1          NangateOpenCellLibrary_ss0p95vn40c
                                                          4.522000  n
result_reg_reg_23_        DFF_X1          NangateOpenCellLibrary_ss0p95vn40c
                                                          4.522000  n
result_reg_reg_24_        DFF_X1          NangateOpenCellLibrary_ss0p95vn40c
                                                          4.522000  n
result_reg_reg_25_        DFF_X1          NangateOpenCellLibrary_ss0p95vn40c
                                                          4.522000  n
result_reg_reg_26_        DFF_X1          NangateOpenCellLibrary_ss0p95vn40c
                                                          4.522000  n
result_reg_reg_27_        DFF_X1          NangateOpenCellLibrary_ss0p95vn40c
                                                          4.522000  n
result_reg_reg_28_        DFF_X1          NangateOpenCellLibrary_ss0p95vn40c
                                                          4.522000  n
result_reg_reg_29_        DFF_X1          NangateOpenCellLibrary_ss0p95vn40c
                                                          4.522000  n
result_reg_reg_30_        DFF_X1          NangateOpenCellLibrary_ss0p95vn40c
                                                          4.522000  n
result_reg_reg_31_        DFF_X1          NangateOpenCellLibrary_ss0p95vn40c
                                                          4.522000  n
--------------------------------------------------------------------------------
Total 307 cells                                           3647.923992
1
