 
****************************************
Report : cell
Design : FPmult
Version: G-2012.06-SP2
Date   : Mon Dec 28 22:16:07 2015
****************************************

Attributes:
   BO - reference allows boundary optimization
    b - black box (unknown)
    h - hierarchical
   mo - map_only
    n - noncombinational
    r - removable
    u - contains unmapped logic

Cell                      Reference       Library             Area  Attributes
--------------------------------------------------------------------------------
U155                      INV_X1          NangateOpenCellLibrary_ss0p95vn40c
                                                          0.532000  
U156                      AND2_X1         NangateOpenCellLibrary_ss0p95vn40c
                                                          1.064000  
U157                      AND2_X1         NangateOpenCellLibrary_ss0p95vn40c
                                                          1.064000  
U158                      AND2_X1         NangateOpenCellLibrary_ss0p95vn40c
                                                          1.064000  
U159                      AND2_X1         NangateOpenCellLibrary_ss0p95vn40c
                                                          1.064000  
U160                      AND2_X1         NangateOpenCellLibrary_ss0p95vn40c
                                                          1.064000  
U161                      AND2_X1         NangateOpenCellLibrary_ss0p95vn40c
                                                          1.064000  
U162                      AND2_X1         NangateOpenCellLibrary_ss0p95vn40c
                                                          1.064000  
U163                      AND2_X1         NangateOpenCellLibrary_ss0p95vn40c
                                                          1.064000  
U164                      AND2_X1         NangateOpenCellLibrary_ss0p95vn40c
                                                          1.064000  
U165                      AND2_X1         NangateOpenCellLibrary_ss0p95vn40c
                                                          1.064000  
U166                      AND2_X1         NangateOpenCellLibrary_ss0p95vn40c
                                                          1.064000  
U167                      AND2_X1         NangateOpenCellLibrary_ss0p95vn40c
                                                          1.064000  
U168                      AND2_X1         NangateOpenCellLibrary_ss0p95vn40c
                                                          1.064000  
U169                      AND2_X1         NangateOpenCellLibrary_ss0p95vn40c
                                                          1.064000  
U170                      AND2_X1         NangateOpenCellLibrary_ss0p95vn40c
                                                          1.064000  
U171                      AND2_X1         NangateOpenCellLibrary_ss0p95vn40c
                                                          1.064000  
U172                      AND2_X1         NangateOpenCellLibrary_ss0p95vn40c
                                                          1.064000  
U173                      AND2_X1         NangateOpenCellLibrary_ss0p95vn40c
                                                          1.064000  
U174                      AND2_X1         NangateOpenCellLibrary_ss0p95vn40c
                                                          1.064000  
U175                      AND2_X1         NangateOpenCellLibrary_ss0p95vn40c
                                                          1.064000  
U176                      AND2_X1         NangateOpenCellLibrary_ss0p95vn40c
                                                          1.064000  
U177                      AND2_X1         NangateOpenCellLibrary_ss0p95vn40c
                                                          1.064000  
U178                      AND2_X1         NangateOpenCellLibrary_ss0p95vn40c
                                                          1.064000  
U179                      AND2_X1         NangateOpenCellLibrary_ss0p95vn40c
                                                          1.064000  
U180                      AND2_X1         NangateOpenCellLibrary_ss0p95vn40c
                                                          1.064000  
U181                      AND2_X1         NangateOpenCellLibrary_ss0p95vn40c
                                                          1.064000  
U182                      AND2_X1         NangateOpenCellLibrary_ss0p95vn40c
                                                          1.064000  
U183                      AND2_X1         NangateOpenCellLibrary_ss0p95vn40c
                                                          1.064000  
U184                      AND2_X1         NangateOpenCellLibrary_ss0p95vn40c
                                                          1.064000  
U185                      AND2_X1         NangateOpenCellLibrary_ss0p95vn40c
                                                          1.064000  
U186                      AND2_X1         NangateOpenCellLibrary_ss0p95vn40c
                                                          1.064000  
U187                      AND2_X1         NangateOpenCellLibrary_ss0p95vn40c
                                                          1.064000  
U188                      AND2_X1         NangateOpenCellLibrary_ss0p95vn40c
                                                          1.064000  
U189                      AND2_X1         NangateOpenCellLibrary_ss0p95vn40c
                                                          1.064000  
U190                      AND2_X1         NangateOpenCellLibrary_ss0p95vn40c
                                                          1.064000  
U191                      AND2_X1         NangateOpenCellLibrary_ss0p95vn40c
                                                          1.064000  
U192                      AND2_X1         NangateOpenCellLibrary_ss0p95vn40c
                                                          1.064000  
U193                      AND2_X1         NangateOpenCellLibrary_ss0p95vn40c
                                                          1.064000  
U194                      AND2_X1         NangateOpenCellLibrary_ss0p95vn40c
                                                          1.064000  
U195                      AND2_X1         NangateOpenCellLibrary_ss0p95vn40c
                                                          1.064000  
U196                      AND2_X1         NangateOpenCellLibrary_ss0p95vn40c
                                                          1.064000  
U197                      AND2_X1         NangateOpenCellLibrary_ss0p95vn40c
                                                          1.064000  
U198                      AND2_X1         NangateOpenCellLibrary_ss0p95vn40c
                                                          1.064000  
U199                      AND2_X1         NangateOpenCellLibrary_ss0p95vn40c
                                                          1.064000  
U200                      AND2_X1         NangateOpenCellLibrary_ss0p95vn40c
                                                          1.064000  
U201                      AND2_X1         NangateOpenCellLibrary_ss0p95vn40c
                                                          1.064000  
U202                      AND2_X1         NangateOpenCellLibrary_ss0p95vn40c
                                                          1.064000  
U203                      AND2_X1         NangateOpenCellLibrary_ss0p95vn40c
                                                          1.064000  
U204                      AND2_X1         NangateOpenCellLibrary_ss0p95vn40c
                                                          1.064000  
U205                      AND2_X1         NangateOpenCellLibrary_ss0p95vn40c
                                                          1.064000  
U206                      AND2_X1         NangateOpenCellLibrary_ss0p95vn40c
                                                          1.064000  
U207                      AND2_X1         NangateOpenCellLibrary_ss0p95vn40c
                                                          1.064000  
U208                      AND2_X1         NangateOpenCellLibrary_ss0p95vn40c
                                                          1.064000  
U209                      AND2_X1         NangateOpenCellLibrary_ss0p95vn40c
                                                          1.064000  
U210                      AND2_X1         NangateOpenCellLibrary_ss0p95vn40c
                                                          1.064000  
U211                      AND2_X1         NangateOpenCellLibrary_ss0p95vn40c
                                                          1.064000  
U212                      AND2_X1         NangateOpenCellLibrary_ss0p95vn40c
                                                          1.064000  
U213                      AND2_X1         NangateOpenCellLibrary_ss0p95vn40c
                                                          1.064000  
U214                      AND2_X1         NangateOpenCellLibrary_ss0p95vn40c
                                                          1.064000  
U215                      AND2_X1         NangateOpenCellLibrary_ss0p95vn40c
                                                          1.064000  
U216                      AND2_X1         NangateOpenCellLibrary_ss0p95vn40c
                                                          1.064000  
U217                      AND2_X1         NangateOpenCellLibrary_ss0p95vn40c
                                                          1.064000  
U218                      AND2_X1         NangateOpenCellLibrary_ss0p95vn40c
                                                          1.064000  
U219                      AND2_X1         NangateOpenCellLibrary_ss0p95vn40c
                                                          1.064000  
U220                      AND2_X1         NangateOpenCellLibrary_ss0p95vn40c
                                                          1.064000  
U221                      AND2_X1         NangateOpenCellLibrary_ss0p95vn40c
                                                          1.064000  
U222                      AND2_X1         NangateOpenCellLibrary_ss0p95vn40c
                                                          1.064000  
U223                      AND2_X1         NangateOpenCellLibrary_ss0p95vn40c
                                                          1.064000  
U224                      AND2_X1         NangateOpenCellLibrary_ss0p95vn40c
                                                          1.064000  
U225                      AND2_X1         NangateOpenCellLibrary_ss0p95vn40c
                                                          1.064000  
U226                      AND2_X1         NangateOpenCellLibrary_ss0p95vn40c
                                                          1.064000  
U227                      AND2_X1         NangateOpenCellLibrary_ss0p95vn40c
                                                          1.064000  
U228                      INV_X1          NangateOpenCellLibrary_ss0p95vn40c
                                                          0.532000  
U229                      INV_X1          NangateOpenCellLibrary_ss0p95vn40c
                                                          0.532000  
U230                      INV_X1          NangateOpenCellLibrary_ss0p95vn40c
                                                          0.532000  
U231                      INV_X1          NangateOpenCellLibrary_ss0p95vn40c
                                                          0.532000  
U232                      INV_X1          NangateOpenCellLibrary_ss0p95vn40c
                                                          0.532000  
U233                      INV_X1          NangateOpenCellLibrary_ss0p95vn40c
                                                          0.532000  
U234                      INV_X1          NangateOpenCellLibrary_ss0p95vn40c
                                                          0.532000  
U235                      INV_X1          NangateOpenCellLibrary_ss0p95vn40c
                                                          0.532000  
U236                      INV_X1          NangateOpenCellLibrary_ss0p95vn40c
                                                          0.532000  
U237                      INV_X1          NangateOpenCellLibrary_ss0p95vn40c
                                                          0.532000  
U238                      INV_X1          NangateOpenCellLibrary_ss0p95vn40c
                                                          0.532000  
U239                      INV_X1          NangateOpenCellLibrary_ss0p95vn40c
                                                          0.532000  
U240                      INV_X1          NangateOpenCellLibrary_ss0p95vn40c
                                                          0.532000  
U241                      INV_X1          NangateOpenCellLibrary_ss0p95vn40c
                                                          0.532000  
U242                      INV_X1          NangateOpenCellLibrary_ss0p95vn40c
                                                          0.532000  
U243                      INV_X1          NangateOpenCellLibrary_ss0p95vn40c
                                                          0.532000  
U244                      INV_X1          NangateOpenCellLibrary_ss0p95vn40c
                                                          0.532000  
U245                      INV_X1          NangateOpenCellLibrary_ss0p95vn40c
                                                          0.532000  
U246                      INV_X1          NangateOpenCellLibrary_ss0p95vn40c
                                                          0.532000  
U247                      INV_X1          NangateOpenCellLibrary_ss0p95vn40c
                                                          0.532000  
U248                      INV_X1          NangateOpenCellLibrary_ss0p95vn40c
                                                          0.532000  
U249                      INV_X1          NangateOpenCellLibrary_ss0p95vn40c
                                                          0.532000  
U250                      NAND2_X1        NangateOpenCellLibrary_ss0p95vn40c
                                                          0.798000  
U251                      NAND2_X1        NangateOpenCellLibrary_ss0p95vn40c
                                                          0.798000  
U252                      OAI22_X1        NangateOpenCellLibrary_ss0p95vn40c
                                                          1.330000  
U253                      OAI22_X1        NangateOpenCellLibrary_ss0p95vn40c
                                                          1.330000  
U254                      OAI22_X1        NangateOpenCellLibrary_ss0p95vn40c
                                                          1.330000  
U255                      OAI22_X1        NangateOpenCellLibrary_ss0p95vn40c
                                                          1.330000  
U256                      OAI22_X1        NangateOpenCellLibrary_ss0p95vn40c
                                                          1.330000  
U257                      OAI22_X1        NangateOpenCellLibrary_ss0p95vn40c
                                                          1.330000  
U258                      OAI22_X1        NangateOpenCellLibrary_ss0p95vn40c
                                                          1.330000  
U259                      OAI22_X1        NangateOpenCellLibrary_ss0p95vn40c
                                                          1.330000  
U260                      OAI22_X1        NangateOpenCellLibrary_ss0p95vn40c
                                                          1.330000  
U261                      OAI22_X1        NangateOpenCellLibrary_ss0p95vn40c
                                                          1.330000  
U262                      OAI22_X1        NangateOpenCellLibrary_ss0p95vn40c
                                                          1.330000  
U263                      OAI22_X1        NangateOpenCellLibrary_ss0p95vn40c
                                                          1.330000  
U264                      OAI22_X1        NangateOpenCellLibrary_ss0p95vn40c
                                                          1.330000  
U265                      OAI22_X1        NangateOpenCellLibrary_ss0p95vn40c
                                                          1.330000  
U266                      OAI22_X1        NangateOpenCellLibrary_ss0p95vn40c
                                                          1.330000  
U267                      OAI22_X1        NangateOpenCellLibrary_ss0p95vn40c
                                                          1.330000  
U268                      OAI22_X1        NangateOpenCellLibrary_ss0p95vn40c
                                                          1.330000  
U269                      OAI22_X1        NangateOpenCellLibrary_ss0p95vn40c
                                                          1.330000  
U270                      OAI22_X1        NangateOpenCellLibrary_ss0p95vn40c
                                                          1.330000  
U271                      OAI22_X1        NangateOpenCellLibrary_ss0p95vn40c
                                                          1.330000  
U272                      OAI22_X1        NangateOpenCellLibrary_ss0p95vn40c
                                                          1.330000  
U273                      OAI22_X1        NangateOpenCellLibrary_ss0p95vn40c
                                                          1.330000  
U274                      INV_X1          NangateOpenCellLibrary_ss0p95vn40c
                                                          0.532000  
U275                      OR2_X1          NangateOpenCellLibrary_ss0p95vn40c
                                                          1.064000  
U276                      OR2_X1          NangateOpenCellLibrary_ss0p95vn40c
                                                          1.064000  
U277                      OAI22_X1        NangateOpenCellLibrary_ss0p95vn40c
                                                          1.330000  
U278                      INV_X1          NangateOpenCellLibrary_ss0p95vn40c
                                                          0.532000  
U279                      INV_X1          NangateOpenCellLibrary_ss0p95vn40c
                                                          0.532000  
U280                      AND2_X1         NangateOpenCellLibrary_ss0p95vn40c
                                                          1.064000  
U281                      AND2_X1         NangateOpenCellLibrary_ss0p95vn40c
                                                          1.064000  
U282                      AND2_X1         NangateOpenCellLibrary_ss0p95vn40c
                                                          1.064000  
U283                      AND2_X1         NangateOpenCellLibrary_ss0p95vn40c
                                                          1.064000  
U284                      AND2_X1         NangateOpenCellLibrary_ss0p95vn40c
                                                          1.064000  
U285                      XOR2_X1         NangateOpenCellLibrary_ss0p95vn40c
                                                          1.596000  
U286                      XOR2_X1         NangateOpenCellLibrary_ss0p95vn40c
                                                          1.596000  
U287                      XOR2_X1         NangateOpenCellLibrary_ss0p95vn40c
                                                          1.596000  
U288                      XOR2_X1         NangateOpenCellLibrary_ss0p95vn40c
                                                          1.596000  
U289                      XOR2_X1         NangateOpenCellLibrary_ss0p95vn40c
                                                          1.596000  
U290                      XOR2_X1         NangateOpenCellLibrary_ss0p95vn40c
                                                          1.596000  
U291                      OAI221_X1       NangateOpenCellLibrary_ss0p95vn40c
                                                          1.596000  
U292                      NAND4_X1        NangateOpenCellLibrary_ss0p95vn40c
                                                          1.330000  
U293                      NAND4_X1        NangateOpenCellLibrary_ss0p95vn40c
                                                          1.330000  
U294                      NAND4_X1        NangateOpenCellLibrary_ss0p95vn40c
                                                          1.330000  
U295                      BUF_X1          NangateOpenCellLibrary_ss0p95vn40c
                                                          0.798000  
U296                      BUF_X1          NangateOpenCellLibrary_ss0p95vn40c
                                                          0.798000  
U297                      BUF_X1          NangateOpenCellLibrary_ss0p95vn40c
                                                          0.798000  
U298                      NAND2_X1        NangateOpenCellLibrary_ss0p95vn40c
                                                          0.798000  
U299                      NOR4_X1         NangateOpenCellLibrary_ss0p95vn40c
                                                          1.330000  
U300                      NOR4_X1         NangateOpenCellLibrary_ss0p95vn40c
                                                          1.330000  
U301                      XOR2_X1         NangateOpenCellLibrary_ss0p95vn40c
                                                          1.596000  
U302                      NAND2_X1        NangateOpenCellLibrary_ss0p95vn40c
                                                          0.798000  
U303                      NAND2_X1        NangateOpenCellLibrary_ss0p95vn40c
                                                          0.798000  
U304                      NOR4_X1         NangateOpenCellLibrary_ss0p95vn40c
                                                          1.330000  
U305                      NOR4_X1         NangateOpenCellLibrary_ss0p95vn40c
                                                          1.330000  
U306                      NOR4_X1         NangateOpenCellLibrary_ss0p95vn40c
                                                          1.330000  
U307                      NOR4_X1         NangateOpenCellLibrary_ss0p95vn40c
                                                          1.330000  
U308                      NOR3_X1         NangateOpenCellLibrary_ss0p95vn40c
                                                          1.064000  
U309                      NOR3_X1         NangateOpenCellLibrary_ss0p95vn40c
                                                          1.064000  
U310                      NOR3_X1         NangateOpenCellLibrary_ss0p95vn40c
                                                          1.064000  
U311                      NOR3_X1         NangateOpenCellLibrary_ss0p95vn40c
                                                          1.064000  
U312                      NOR3_X1         NangateOpenCellLibrary_ss0p95vn40c
                                                          1.064000  
U313                      NOR3_X1         NangateOpenCellLibrary_ss0p95vn40c
                                                          1.064000  
U314                      NOR3_X1         NangateOpenCellLibrary_ss0p95vn40c
                                                          1.064000  
U315                      NOR3_X1         NangateOpenCellLibrary_ss0p95vn40c
                                                          1.064000  
U316                      NOR3_X1         NangateOpenCellLibrary_ss0p95vn40c
                                                          1.064000  
U317                      NOR3_X1         NangateOpenCellLibrary_ss0p95vn40c
                                                          1.064000  
U318                      NOR3_X1         NangateOpenCellLibrary_ss0p95vn40c
                                                          1.064000  
U319                      NAND4_X1        NangateOpenCellLibrary_ss0p95vn40c
                                                          1.330000  
U320                      NOR3_X1         NangateOpenCellLibrary_ss0p95vn40c
                                                          1.064000  
U321                      NOR3_X1         NangateOpenCellLibrary_ss0p95vn40c
                                                          1.064000  
U322                      NOR3_X1         NangateOpenCellLibrary_ss0p95vn40c
                                                          1.064000  
U323                      INV_X1          NangateOpenCellLibrary_ss0p95vn40c
                                                          0.532000  
U324                      NOR2_X1         NangateOpenCellLibrary_ss0p95vn40c
                                                          0.798000  
U325                      XNOR2_X1        NangateOpenCellLibrary_ss0p95vn40c
                                                          1.596000  
add_0_root_sub_1_root_add_35_2/U1_1
                          FA_X1           NangateOpenCellLibrary_ss0p95vn40c
                                                          4.256000  mo, r
add_2_root_sub_1_root_add_35_2
                          FPmult_DW01_add_2               32.452000 BO, h
mult_32                   FPmult_DW02_mult_0              2952.866004
                                                                    BO, h
multiplicand_reg_reg[0]   DFF_X1          NangateOpenCellLibrary_ss0p95vn40c
                                                          4.522000  n
multiplicand_reg_reg[1]   DFF_X1          NangateOpenCellLibrary_ss0p95vn40c
                                                          4.522000  n
multiplicand_reg_reg[2]   DFF_X1          NangateOpenCellLibrary_ss0p95vn40c
                                                          4.522000  n
multiplicand_reg_reg[3]   DFF_X1          NangateOpenCellLibrary_ss0p95vn40c
                                                          4.522000  n
multiplicand_reg_reg[4]   DFF_X1          NangateOpenCellLibrary_ss0p95vn40c
                                                          4.522000  n
multiplicand_reg_reg[5]   DFF_X1          NangateOpenCellLibrary_ss0p95vn40c
                                                          4.522000  n
multiplicand_reg_reg[6]   DFF_X1          NangateOpenCellLibrary_ss0p95vn40c
                                                          4.522000  n
multiplicand_reg_reg[7]   DFF_X1          NangateOpenCellLibrary_ss0p95vn40c
                                                          4.522000  n
multiplicand_reg_reg[8]   DFF_X1          NangateOpenCellLibrary_ss0p95vn40c
                                                          4.522000  n
multiplicand_reg_reg[9]   DFF_X1          NangateOpenCellLibrary_ss0p95vn40c
                                                          4.522000  n
multiplicand_reg_reg[10]  DFF_X1          NangateOpenCellLibrary_ss0p95vn40c
                                                          4.522000  n
multiplicand_reg_reg[11]  DFF_X1          NangateOpenCellLibrary_ss0p95vn40c
                                                          4.522000  n
multiplicand_reg_reg[12]  DFF_X1          NangateOpenCellLibrary_ss0p95vn40c
                                                          4.522000  n
multiplicand_reg_reg[13]  DFF_X1          NangateOpenCellLibrary_ss0p95vn40c
                                                          4.522000  n
multiplicand_reg_reg[14]  DFF_X1          NangateOpenCellLibrary_ss0p95vn40c
                                                          4.522000  n
multiplicand_reg_reg[15]  DFF_X1          NangateOpenCellLibrary_ss0p95vn40c
                                                          4.522000  n
multiplicand_reg_reg[16]  DFF_X1          NangateOpenCellLibrary_ss0p95vn40c
                                                          4.522000  n
multiplicand_reg_reg[17]  DFF_X1          NangateOpenCellLibrary_ss0p95vn40c
                                                          4.522000  n
multiplicand_reg_reg[18]  DFF_X1          NangateOpenCellLibrary_ss0p95vn40c
                                                          4.522000  n
multiplicand_reg_reg[19]  DFF_X1          NangateOpenCellLibrary_ss0p95vn40c
                                                          4.522000  n
multiplicand_reg_reg[20]  DFF_X1          NangateOpenCellLibrary_ss0p95vn40c
                                                          4.522000  n
multiplicand_reg_reg[21]  DFF_X1          NangateOpenCellLibrary_ss0p95vn40c
                                                          4.522000  n
multiplicand_reg_reg[22]  DFF_X1          NangateOpenCellLibrary_ss0p95vn40c
                                                          4.522000  n
multiplicand_reg_reg[23]  DFF_X1          NangateOpenCellLibrary_ss0p95vn40c
                                                          4.522000  n
multiplicand_reg_reg[24]  DFF_X1          NangateOpenCellLibrary_ss0p95vn40c
                                                          4.522000  n
multiplicand_reg_reg[25]  DFF_X1          NangateOpenCellLibrary_ss0p95vn40c
                                                          4.522000  n
multiplicand_reg_reg[26]  DFF_X1          NangateOpenCellLibrary_ss0p95vn40c
                                                          4.522000  n
multiplicand_reg_reg[27]  DFF_X1          NangateOpenCellLibrary_ss0p95vn40c
                                                          4.522000  n
multiplicand_reg_reg[28]  DFF_X1          NangateOpenCellLibrary_ss0p95vn40c
                                                          4.522000  n
multiplicand_reg_reg[29]  DFF_X1          NangateOpenCellLibrary_ss0p95vn40c
                                                          4.522000  n
multiplicand_reg_reg[30]  DFF_X1          NangateOpenCellLibrary_ss0p95vn40c
                                                          4.522000  n
multiplicand_reg_reg[31]  DFF_X1          NangateOpenCellLibrary_ss0p95vn40c
                                                          4.522000  n
multiplier_reg_reg[0]     DFF_X1          NangateOpenCellLibrary_ss0p95vn40c
                                                          4.522000  n
multiplier_reg_reg[1]     DFF_X1          NangateOpenCellLibrary_ss0p95vn40c
                                                          4.522000  n
multiplier_reg_reg[2]     DFF_X1          NangateOpenCellLibrary_ss0p95vn40c
                                                          4.522000  n
multiplier_reg_reg[3]     DFF_X1          NangateOpenCellLibrary_ss0p95vn40c
                                                          4.522000  n
multiplier_reg_reg[4]     DFF_X1          NangateOpenCellLibrary_ss0p95vn40c
                                                          4.522000  n
multiplier_reg_reg[5]     DFF_X1          NangateOpenCellLibrary_ss0p95vn40c
                                                          4.522000  n
multiplier_reg_reg[6]     DFF_X1          NangateOpenCellLibrary_ss0p95vn40c
                                                          4.522000  n
multiplier_reg_reg[7]     DFF_X1          NangateOpenCellLibrary_ss0p95vn40c
                                                          4.522000  n
multiplier_reg_reg[8]     DFF_X1          NangateOpenCellLibrary_ss0p95vn40c
                                                          4.522000  n
multiplier_reg_reg[9]     DFF_X1          NangateOpenCellLibrary_ss0p95vn40c
                                                          4.522000  n
multiplier_reg_reg[10]    DFF_X1          NangateOpenCellLibrary_ss0p95vn40c
                                                          4.522000  n
multiplier_reg_reg[11]    DFF_X1          NangateOpenCellLibrary_ss0p95vn40c
                                                          4.522000  n
multiplier_reg_reg[12]    DFF_X1          NangateOpenCellLibrary_ss0p95vn40c
                                                          4.522000  n
multiplier_reg_reg[13]    DFF_X1          NangateOpenCellLibrary_ss0p95vn40c
                                                          4.522000  n
multiplier_reg_reg[14]    DFF_X1          NangateOpenCellLibrary_ss0p95vn40c
                                                          4.522000  n
multiplier_reg_reg[15]    DFF_X1          NangateOpenCellLibrary_ss0p95vn40c
                                                          4.522000  n
multiplier_reg_reg[16]    DFF_X1          NangateOpenCellLibrary_ss0p95vn40c
                                                          4.522000  n
multiplier_reg_reg[17]    DFF_X1          NangateOpenCellLibrary_ss0p95vn40c
                                                          4.522000  n
multiplier_reg_reg[18]    DFF_X1          NangateOpenCellLibrary_ss0p95vn40c
                                                          4.522000  n
multiplier_reg_reg[19]    DFF_X1          NangateOpenCellLibrary_ss0p95vn40c
                                                          4.522000  n
multiplier_reg_reg[20]    DFF_X1          NangateOpenCellLibrary_ss0p95vn40c
                                                          4.522000  n
multiplier_reg_reg[21]    DFF_X1          NangateOpenCellLibrary_ss0p95vn40c
                                                          4.522000  n
multiplier_reg_reg[22]    DFF_X1          NangateOpenCellLibrary_ss0p95vn40c
                                                          4.522000  n
multiplier_reg_reg[23]    DFF_X1          NangateOpenCellLibrary_ss0p95vn40c
                                                          4.522000  n
multiplier_reg_reg[24]    DFF_X1          NangateOpenCellLibrary_ss0p95vn40c
                                                          4.522000  n
multiplier_reg_reg[25]    DFF_X1          NangateOpenCellLibrary_ss0p95vn40c
                                                          4.522000  n
multiplier_reg_reg[26]    DFF_X1          NangateOpenCellLibrary_ss0p95vn40c
                                                          4.522000  n
multiplier_reg_reg[27]    DFF_X1          NangateOpenCellLibrary_ss0p95vn40c
                                                          4.522000  n
multiplier_reg_reg[28]    DFF_X1          NangateOpenCellLibrary_ss0p95vn40c
                                                          4.522000  n
multiplier_reg_reg[29]    DFF_X1          NangateOpenCellLibrary_ss0p95vn40c
                                                          4.522000  n
multiplier_reg_reg[30]    DFF_X1          NangateOpenCellLibrary_ss0p95vn40c
                                                          4.522000  n
multiplier_reg_reg[31]    DFF_X1          NangateOpenCellLibrary_ss0p95vn40c
                                                          4.522000  n
result_reg_reg[0]         DFF_X1          NangateOpenCellLibrary_ss0p95vn40c
                                                          4.522000  n
result_reg_reg[1]         DFF_X1          NangateOpenCellLibrary_ss0p95vn40c
                                                          4.522000  n
result_reg_reg[2]         DFF_X1          NangateOpenCellLibrary_ss0p95vn40c
                                                          4.522000  n
result_reg_reg[3]         DFF_X1          NangateOpenCellLibrary_ss0p95vn40c
                                                          4.522000  n
result_reg_reg[4]         DFF_X1          NangateOpenCellLibrary_ss0p95vn40c
                                                          4.522000  n
result_reg_reg[5]         DFF_X1          NangateOpenCellLibrary_ss0p95vn40c
                                                          4.522000  n
result_reg_reg[6]         DFF_X1          NangateOpenCellLibrary_ss0p95vn40c
                                                          4.522000  n
result_reg_reg[7]         DFF_X1          NangateOpenCellLibrary_ss0p95vn40c
                                                          4.522000  n
result_reg_reg[8]         DFF_X1          NangateOpenCellLibrary_ss0p95vn40c
                                                          4.522000  n
result_reg_reg[9]         DFF_X1          NangateOpenCellLibrary_ss0p95vn40c
                                                          4.522000  n
result_reg_reg[10]        DFF_X1          NangateOpenCellLibrary_ss0p95vn40c
                                                          4.522000  n
result_reg_reg[11]        DFF_X1          NangateOpenCellLibrary_ss0p95vn40c
                                                          4.522000  n
result_reg_reg[12]        DFF_X1          NangateOpenCellLibrary_ss0p95vn40c
                                                          4.522000  n
result_reg_reg[13]        DFF_X1          NangateOpenCellLibrary_ss0p95vn40c
                                                          4.522000  n
result_reg_reg[14]        DFF_X1          NangateOpenCellLibrary_ss0p95vn40c
                                                          4.522000  n
result_reg_reg[15]        DFF_X1          NangateOpenCellLibrary_ss0p95vn40c
                                                          4.522000  n
result_reg_reg[16]        DFF_X1          NangateOpenCellLibrary_ss0p95vn40c
                                                          4.522000  n
result_reg_reg[17]        DFF_X1          NangateOpenCellLibrary_ss0p95vn40c
                                                          4.522000  n
result_reg_reg[18]        DFF_X1          NangateOpenCellLibrary_ss0p95vn40c
                                                          4.522000  n
result_reg_reg[19]        DFF_X1          NangateOpenCellLibrary_ss0p95vn40c
                                                          4.522000  n
result_reg_reg[20]        DFF_X1          NangateOpenCellLibrary_ss0p95vn40c
                                                          4.522000  n
result_reg_reg[21]        DFF_X1          NangateOpenCellLibrary_ss0p95vn40c
                                                          4.522000  n
result_reg_reg[22]        DFF_X1          NangateOpenCellLibrary_ss0p95vn40c
                                                          4.522000  n
result_reg_reg[23]        DFF_X1          NangateOpenCellLibrary_ss0p95vn40c
                                                          4.522000  n
result_reg_reg[24]        DFF_X1          NangateOpenCellLibrary_ss0p95vn40c
                                                          4.522000  n
result_reg_reg[25]        DFF_X1          NangateOpenCellLibrary_ss0p95vn40c
                                                          4.522000  n
result_reg_reg[26]        DFF_X1          NangateOpenCellLibrary_ss0p95vn40c
                                                          4.522000  n
result_reg_reg[27]        DFF_X1          NangateOpenCellLibrary_ss0p95vn40c
                                                          4.522000  n
result_reg_reg[28]        DFF_X1          NangateOpenCellLibrary_ss0p95vn40c
                                                          4.522000  n
result_reg_reg[29]        DFF_X1          NangateOpenCellLibrary_ss0p95vn40c
                                                          4.522000  n
result_reg_reg[30]        DFF_X1          NangateOpenCellLibrary_ss0p95vn40c
                                                          4.522000  n
result_reg_reg[31]        DFF_X1          NangateOpenCellLibrary_ss0p95vn40c
                                                          4.522000  n
--------------------------------------------------------------------------------
Total 270 cells                                           3602.437990
1
